<?xml version="1.0" encoding="UTF-8"?>
<!-- Generated by org.testng.reporters.JUnitXMLReporter -->
<testsuite ignored="2" hostname="MSI" failures="0" tests="2" name="OrangeHRMTestRun" time="15.263" errors="0" timestamp="2025-07-10T21:41:15 IST">
  <testcase classname="orangeHRM.test.LoginTest" name="Login" time="6.853"/>
  <testcase classname="orangeHRM.test.AddEmployeeTest" name="AddEmployee" time="6.607"/>
  <testcase classname="orangeHRM.base.OrangeHRMBase" name="@BeforeSuite startApp" time="0.0">
    <ignored/>
  </testcase> <!-- @BeforeSuite startApp -->
  <testcase classname="orangeHRM.base.OrangeHRMBase" name="@AfterSuite closeApp" time="0.0">
    <ignored/>
  </testcase> <!-- @AfterSuite closeApp -->
</testsuite> <!-- OrangeHRMTestRun -->
